<?xml version="1.0" encoding="UTF-8"?>
<!-- Generated by org.testng.reporters.JUnitReportReporter -->
<testsuite hostname="DESKTOP-TE8S2PR" failures="0" tests="1" name="kiteWithPOM.Validateuser" time="15.638" errors="0" timestamp="2022-04-02T02:21:18 IST" skipped="0">
  <testcase classname="kiteWithPOM.Validateuser" name="validateUser" time="15.638"/>
  <system-out/>
</testsuite> <!-- kiteWithPOM.Validateuser -->
