<?xml version="1.0" encoding="UTF-8"?>
<!-- Generated by org.testng.reporters.JUnitReportReporter -->
<testsuite hostname="DESKTOP-TE8S2PR" failures="0" tests="2" name="testNG_multiBrowser.NewTest" time="0.016" errors="0" timestamp="2022-04-06T01:38:37 IST" skipped="0">
  <testcase classname="testNG_multiBrowser.NewTest" name="Method1" time="0.012"/>
  <system-out/>
  <testcase classname="testNG_multiBrowser.NewTest" name="Method2" time="0.004"/>
  <system-out>
    <![CDATA[This is method2]]>
  </system-out>
</testsuite> <!-- testNG_multiBrowser.NewTest -->
