<?xml version="1.0" encoding="UTF-8"?>
<!-- Generated by org.testng.reporters.JUnitReportReporter -->
<testsuite hostname="DESKTOP-TE8S2PR" failures="0" tests="1" name="testNG_study.NewClass" time="0.015" errors="0" timestamp="2022-03-18T01:25:27 IST" skipped="0">
  <testcase classname="testNG_study.NewClass" name="myclass" time="0.015"/>
  <system-out/>
</testsuite> <!-- testNG_study.NewClass -->
