<?xml version="1.0" encoding="UTF-8"?>
<!-- Generated by org.testng.reporters.JUnitReportReporter -->
<testsuite hostname="DESKTOP-TE8S2PR" failures="0" tests="1" name="serialNParallelPOMWithDDFTestNG.SerialnParallel" time="21.052" errors="0" timestamp="2022-04-06T01:46:44 IST" skipped="0">
  <testcase classname="serialNParallelPOMWithDDFTestNG.SerialnParallel" name="validateUsersID" time="21.052"/>
  <system-out/>
</testsuite> <!-- serialNParallelPOMWithDDFTestNG.SerialnParallel -->
