<?xml version="1.0" encoding="UTF-8"?>
<!-- Generated by org.testng.reporters.JUnitReportReporter -->
<testsuite hostname="DESKTOP-TE8S2PR" failures="0" tests="4" name="testNG_multiBrowser.OpenMultiBrowser" time="165.361" errors="0" timestamp="2022-03-18T13:07:33 IST" skipped="0">
  <testcase classname="testNG_multiBrowser.OpenMultiBrowser" name="Method1" time="50.334"/>
  <system-out/>
  <testcase classname="testNG_multiBrowser.OpenMultiBrowser" name="Method2" time="18.804"/>
  <system-out/>
  <testcase classname="testNG_multiBrowser.OpenMultiBrowser" name="Method3" time="27.456"/>
  <system-out/>
  <testcase classname="testNG_multiBrowser.OpenMultiBrowser" name="Method4" time="68.767"/>
  <system-out/>
</testsuite> <!-- testNG_multiBrowser.OpenMultiBrowser -->
