<?xml version="1.0" encoding="UTF-8"?>
<!-- Generated by org.testng.reporters.JUnitReportReporter -->
<testsuite hostname="DESKTOP-TE8S2PR" failures="0" tests="1" name="softAssert.FirefoxDriver" time="66.553" errors="0" timestamp="2022-03-24T15:06:10 IST" skipped="0">
  <testcase classname="softAssert.FirefoxDriver" name="method" time="66.553"/>
  <system-out/>
</testsuite> <!-- softAssert.FirefoxDriver -->
