<?xml version="1.0" encoding="UTF-8"?>
<!-- Generated by org.testng.reporters.JUnitReportReporter -->
<testsuite hostname="DESKTOP-TE8S2PR" failures="0" tests="3" name="testNG_study.TestngKeywords" time="0.104" errors="0" timestamp="2022-03-21T19:49:01 IST" skipped="0">
  <testcase classname="testNG_study.TestngKeywords" name="Method1" time="0.049"/>
  <system-out>
    <![CDATA['This is Method1]]>
  </system-out>
  <testcase classname="testNG_study.TestngKeywords" name="Method3" time="0.003"/>
  <system-out>
    <![CDATA[This is method3]]>
  </system-out>
  <testcase classname="testNG_study.TestngKeywords" name="Method2" time="0.052"/>
  <system-out>
    <![CDATA[THis is method2]]>
  </system-out>
</testsuite> <!-- testNG_study.TestngKeywords -->
