<?xml version="1.0" encoding="UTF-8"?>
<!-- Generated by org.testng.reporters.JUnitReportReporter -->
<testsuite hostname="DESKTOP-TE8S2PR" failures="0" tests="2" name="softAssert.CTtesting" time="93.918" errors="0" timestamp="2022-04-06T01:34:58 IST" skipped="0">
  <testcase classname="softAssert.CTtesting" name="CrossBrowser" time="72.675"/>
  <system-out/>
  <testcase classname="softAssert.CTtesting" name="CrossBrowser" time="21.243"/>
  <system-out/>
</testsuite> <!-- softAssert.CTtesting -->
