<?xml version="1.0" encoding="UTF-8"?>
<!-- Generated by org.testng.reporters.JUnitReportReporter -->
<testsuite hostname="DESKTOP-TE8S2PR" failures="0" tests="3" name="testNG_study.TestnfKeywordEnabled" time="0.018" errors="0" timestamp="2022-03-21T20:07:56 IST" skipped="1">
  <testcase classname="testNG_study.TestnfKeywordEnabled" name="A" time="0.016"/>
  <system-out>
    <![CDATA[This is method A]]>
  </system-out>
  <testcase classname="testNG_study.TestnfKeywordEnabled" name="C" time="0.002"/>
  <system-out>
    <![CDATA[This is method C]]>
  </system-out>
  <testcase classname="testNG_study.TestnfKeywordEnabled" name="B">
    <skipped/>
  </testcase> <!-- B -->
  <system-out/>
</testsuite> <!-- testNG_study.TestnfKeywordEnabled -->
