<?xml version="1.0" encoding="UTF-8"?>
<!-- Generated by org.testng.reporters.JUnitReportReporter -->
<testsuite hostname="DESKTOP-TE8S2PR" failures="0" tests="5" name="testNG_study.TestngKeywordInvocationCount" time="0.025" errors="0" timestamp="2022-03-21T20:01:55 IST" skipped="0">
  <testcase classname="testNG_study.TestngKeywordInvocationCount" name="a" time="0.002"/>
  <system-out>
    <![CDATA[This is c]]>
  </system-out>
  <testcase classname="testNG_study.TestngKeywordInvocationCount" name="A" time="0.002"/>
  <system-out>
    <![CDATA[This is A]]>
  </system-out>
  <testcase classname="testNG_study.TestngKeywordInvocationCount" name="A" time="0.004"/>
  <system-out>
    <![CDATA[This is A]]>
  </system-out>
  <testcase classname="testNG_study.TestngKeywordInvocationCount" name="B" time="0.002"/>
  <system-out>
    <![CDATA[This is B]]>
  </system-out>
  <testcase classname="testNG_study.TestngKeywordInvocationCount" name="A" time="0.015"/>
  <system-out>
    <![CDATA[This is A]]>
  </system-out>
</testsuite> <!-- testNG_study.TestngKeywordInvocationCount -->
