<?xml version="1.0" encoding="UTF-8"?>
<!-- Generated by org.testng.reporters.JUnitReportReporter -->
<testsuite hostname="DESKTOP-TE8S2PR" failures="0" tests="1" name="serialNParallelPOMWithDDFTestNG.Execution" time="6.152" errors="0" timestamp="2022-03-27T02:48:26 IST" skipped="0">
  <testcase classname="serialNParallelPOMWithDDFTestNG.Execution" name="ValidateUserID" time="6.152"/>
  <system-out>
    <![CDATA[Validating user
User validated successfully]]>
  </system-out>
</testsuite> <!-- serialNParallelPOMWithDDFTestNG.Execution -->
