<?xml version="1.0" encoding="UTF-8"?>
<!-- Generated by org.testng.reporters.JUnitReportReporter -->
<testsuite hostname="DESKTOP-TE8S2PR" failures="0" tests="2" name="testNG_study.Include_Exclude" time="0.004" errors="0" timestamp="2022-03-22T15:09:56 IST" skipped="0">
  <testcase classname="testNG_study.Include_Exclude" name="a" time="0.002"/>
  <system-out>
    <![CDATA[Method a]]>
  </system-out>
  <testcase classname="testNG_study.Include_Exclude" name="f" time="0.002"/>
  <system-out>
    <![CDATA[Method f]]>
  </system-out>
</testsuite> <!-- testNG_study.Include_Exclude -->
