<?xml version="1.0" encoding="UTF-8"?>
<!-- Generated by org.testng.reporters.JUnitReportReporter -->
<testsuite hostname="DESKTOP-TE8S2PR" failures="0" tests="1" name="kiteWithPOM.TestForInvalidUsernameMsg" time="27.186" errors="0" timestamp="2022-03-30T23:46:33 IST" skipped="0">
  <testcase classname="kiteWithPOM.TestForInvalidUsernameMsg" name="errorMsgShow" time="27.186"/>
  <system-out/>
</testsuite> <!-- kiteWithPOM.TestForInvalidUsernameMsg -->
