<?xml version="1.0" encoding="UTF-8"?>
<!-- Generated by org.testng.reporters.JUnitReportReporter -->
<testsuite hostname="DESKTOP-TE8S2PR" failures="0" tests="5" name="testNG_study.Failedxml" time="0.012" errors="0" timestamp="2022-03-22T15:14:51 IST" skipped="0">
  <testcase classname="testNG_study.Failedxml" name="f" time="0.002"/>
  <system-out>
    <![CDATA[Method f]]>
  </system-out>
  <testcase classname="testNG_study.Failedxml" name="e" time="0.002"/>
  <system-out>
    <![CDATA[Method e]]>
  </system-out>
  <testcase classname="testNG_study.Failedxml" name="c" time="0.000"/>
  <system-out>
    <![CDATA[Method c]]>
  </system-out>
  <testcase classname="testNG_study.Failedxml" name="d" time="0.003"/>
  <system-out>
    <![CDATA[Method d]]>
  </system-out>
  <testcase classname="testNG_study.Failedxml" name="a" time="0.005"/>
  <system-out>
    <![CDATA[Method a]]>
  </system-out>
</testsuite> <!-- testNG_study.Failedxml -->
