<?xml version="1.0" encoding="UTF-8"?>
<!-- Generated by org.testng.reporters.JUnitReportReporter -->
<testsuite hostname="DESKTOP-TE8S2PR" failures="0" tests="2" name="testNG_study.TestngGrouping" time="0.005" errors="0" timestamp="2022-03-22T15:09:56 IST" skipped="0">
  <testcase classname="testNG_study.TestngGrouping" name="s" time="0.005"/>
  <system-out>
    <![CDATA[Method s]]>
  </system-out>
  <testcase classname="testNG_study.TestngGrouping" name="u" time="0.000"/>
  <system-out>
    <![CDATA[Method u]]>
  </system-out>
</testsuite> <!-- testNG_study.TestngGrouping -->
