<?xml version="1.0" encoding="UTF-8"?>
<!-- Generated by org.testng.reporters.JUnitReportReporter -->
<testsuite hostname="DESKTOP-TE8S2PR" failures="0" tests="1" name="testNGWithPropertiesClass.NewTest" time="0.018" errors="0" timestamp="2022-04-01T01:50:08 IST" skipped="0">
  <testcase classname="testNGWithPropertiesClass.NewTest" name="f" time="0.018"/>
  <system-out>
    <![CDATA[https://kite.zerodha.com/
DAA677
Velocity@123
866918]]>
  </system-out>
</testsuite> <!-- testNGWithPropertiesClass.NewTest -->
