<?xml version="1.0" encoding="UTF-8"?>
<!-- Generated by org.testng.reporters.JUnitReportReporter -->
<testsuite hostname="DESKTOP-TE8S2PR" failures="0" tests="1" name="serialAndParallel.Serial2" time="34.919" errors="0" timestamp="2022-03-23T19:59:38 IST" skipped="0">
  <testcase classname="serialAndParallel.Serial2" name="Method2" time="34.919"/>
  <system-out/>
</testsuite> <!-- serialAndParallel.Serial2 -->
